{"D:\\sagar\\rect-prac_4\\src\\components\\Cart.js": {"path":"D:\\sagar\\rect-prac_4\\src\\components\\Cart.js","statementMap":{"0":{"start":{"line":7,"column":13},"end":{"line":28,"column":1}},"1":{"start":{"line":8,"column":20},"end":{"line":8,"column":58}},"2":{"start":{"line":8,"column":41},"end":{"line":8,"column":57}},"3":{"start":{"line":9,"column":4},"end":{"line":9,"column":26}},"4":{"start":{"line":10,"column":19},"end":{"line":10,"column":32}},"5":{"start":{"line":11,"column":21},"end":{"line":13,"column":5}},"6":{"start":{"line":12,"column":8},"end":{"line":12,"column":29}},"7":{"start":{"line":14,"column":2},"end":{"line":27,"column":3}}},"fnMap":{"0":{"name":"(anonymous_0)","decl":{"start":{"line":7,"column":13},"end":{"line":7,"column":14}},"loc":{"start":{"line":7,"column":19},"end":{"line":28,"column":1}},"line":7},"1":{"name":"(anonymous_1)","decl":{"start":{"line":8,"column":32},"end":{"line":8,"column":33}},"loc":{"start":{"line":8,"column":41},"end":{"line":8,"column":57}},"line":8},"2":{"name":"(anonymous_2)","decl":{"start":{"line":11,"column":21},"end":{"line":11,"column":22}},"loc":{"start":{"line":11,"column":25},"end":{"line":13,"column":5}},"line":11}},"branchMap":{},"s":{"0":1,"1":0,"2":0,"3":0,"4":0,"5":0,"6":0,"7":0},"f":{"0":0,"1":0,"2":0},"b":{},"_coverageSchema":"1a1c01bbd47fc00a2c39e90264f33305004495a9","hash":"5d94a1f4c148036d0c048a338c95af07826dfe3b"}
,"D:\\sagar\\rect-prac_4\\src\\components\\Header.js": {"path":"D:\\sagar\\rect-prac_4\\src\\components\\Header.js","statementMap":{"0":{"start":{"line":9,"column":15},"end":{"line":53,"column":3}},"1":{"start":{"line":10,"column":30},"end":{"line":10,"column":47}},"2":{"start":{"line":13,"column":3},"end":{"line":13,"column":26}},"3":{"start":{"line":14,"column":1},"end":{"line":15,"column":2}},"4":{"start":{"line":17,"column":15},"end":{"line":17,"column":32}},"5":{"start":{"line":18,"column":17},"end":{"line":18,"column":55}},"6":{"start":{"line":18,"column":38},"end":{"line":18,"column":54}},"7":{"start":{"line":20,"column":1},"end":{"line":20,"column":20}},"8":{"start":{"line":22,"column":4},"end":{"line":52,"column":6}},"9":{"start":{"line":37,"column":16},"end":{"line":39,"column":38}},"10":{"start":{"line":43,"column":16},"end":{"line":43,"column":36}}},"fnMap":{"0":{"name":"(anonymous_0)","decl":{"start":{"line":9,"column":15},"end":{"line":9,"column":16}},"loc":{"start":{"line":9,"column":21},"end":{"line":53,"column":3}},"line":9},"1":{"name":"(anonymous_1)","decl":{"start":{"line":18,"column":29},"end":{"line":18,"column":30}},"loc":{"start":{"line":18,"column":38},"end":{"line":18,"column":54}},"line":18},"2":{"name":"(anonymous_2)","decl":{"start":{"line":35,"column":33},"end":{"line":35,"column":34}},"loc":{"start":{"line":35,"column":37},"end":{"line":44,"column":13}},"line":35}},"branchMap":{"0":{"loc":{"start":{"line":26,"column":17},"end":{"line":26,"column":32}},"type":"cond-expr","locations":[{"start":{"line":26,"column":24},"end":{"line":26,"column":28}},{"start":{"line":26,"column":29},"end":{"line":26,"column":32}}],"line":26},"1":{"loc":{"start":{"line":37,"column":16},"end":{"line":39,"column":37}},"type":"cond-expr","locations":[{"start":{"line":38,"column":18},"end":{"line":38,"column":38}},{"start":{"line":39,"column":18},"end":{"line":39,"column":37}}],"line":37}},"s":{"0":1,"1":3,"2":3,"3":3,"4":3,"5":3,"6":5,"7":3,"8":3,"9":1,"10":1},"f":{"0":3,"1":5,"2":1},"b":{"0":[3,0],"1":[1,0]},"_coverageSchema":"1a1c01bbd47fc00a2c39e90264f33305004495a9","hash":"ef7038375ae066671e03c87af7fd81f6ee3e9688"}
,"D:\\sagar\\rect-prac_4\\src\\components\\ItemCards.js": {"path":"D:\\sagar\\rect-prac_4\\src\\components\\ItemCards.js","statementMap":{"0":{"start":{"line":5,"column":18},"end":{"line":27,"column":1}},"1":{"start":{"line":6,"column":2},"end":{"line":6,"column":21}},"2":{"start":{"line":8,"column":19},"end":{"line":8,"column":32}},"3":{"start":{"line":9,"column":17},"end":{"line":12,"column":3}},"4":{"start":{"line":11,"column":0},"end":{"line":11,"column":24}},"5":{"start":{"line":14,"column":2},"end":{"line":26,"column":4}},"6":{"start":{"line":17,"column":8},"end":{"line":23,"column":16}},"7":{"start":{"line":22,"column":36},"end":{"line":22,"column":49}}},"fnMap":{"0":{"name":"(anonymous_0)","decl":{"start":{"line":5,"column":18},"end":{"line":5,"column":19}},"loc":{"start":{"line":5,"column":33},"end":{"line":27,"column":1}},"line":5},"1":{"name":"(anonymous_1)","decl":{"start":{"line":9,"column":17},"end":{"line":9,"column":18}},"loc":{"start":{"line":9,"column":25},"end":{"line":12,"column":3}},"line":9},"2":{"name":"(anonymous_2)","decl":{"start":{"line":16,"column":17},"end":{"line":16,"column":18}},"loc":{"start":{"line":17,"column":8},"end":{"line":23,"column":16}},"line":17},"3":{"name":"(anonymous_3)","decl":{"start":{"line":22,"column":32},"end":{"line":22,"column":33}},"loc":{"start":{"line":22,"column":36},"end":{"line":22,"column":49}},"line":22}},"branchMap":{},"s":{"0":1,"1":0,"2":0,"3":0,"4":0,"5":0,"6":0,"7":0},"f":{"0":0,"1":0,"2":0,"3":0},"b":{},"_coverageSchema":"1a1c01bbd47fc00a2c39e90264f33305004495a9","hash":"177e93cd77d3af3d12b0fb1fffb898cf5ba15251"}
,"D:\\sagar\\rect-prac_4\\src\\components\\Sum.js": {"path":"D:\\sagar\\rect-prac_4\\src\\components\\Sum.js","statementMap":{"0":{"start":{"line":3,"column":12},"end":{"line":5,"column":1}},"1":{"start":{"line":4,"column":2},"end":{"line":4,"column":13}}},"fnMap":{"0":{"name":"(anonymous_0)","decl":{"start":{"line":3,"column":12},"end":{"line":3,"column":13}},"loc":{"start":{"line":3,"column":21},"end":{"line":5,"column":1}},"line":3}},"branchMap":{},"s":{"0":1,"1":1},"f":{"0":1},"b":{},"_coverageSchema":"1a1c01bbd47fc00a2c39e90264f33305004495a9","hash":"5935f567778b4a9fb7c54f40c2361d9e1940dc9f"}
,"D:\\sagar\\rect-prac_4\\src\\utils\\appStore.js": {"path":"D:\\sagar\\rect-prac_4\\src\\utils\\appStore.js","statementMap":{"0":{"start":{"line":1,"column":40},"end":{"line":1,"column":67}},"1":{"start":{"line":3,"column":16},"end":{"line":7,"column":2}}},"fnMap":{},"branchMap":{},"s":{"0":1,"1":1},"f":{},"b":{},"_coverageSchema":"1a1c01bbd47fc00a2c39e90264f33305004495a9","hash":"29e56b2c4ccc6fe1be32da913a77a136a0f5e77a"}
,"D:\\sagar\\rect-prac_4\\src\\utils\\cartSlice.js": {"path":"D:\\sagar\\rect-prac_4\\src\\utils\\cartSlice.js","statementMap":{"0":{"start":{"line":3,"column":17},"end":{"line":19,"column":2}},"1":{"start":{"line":10,"column":16},"end":{"line":10,"column":48}},"2":{"start":{"line":13,"column":12},"end":{"line":13,"column":30}},"3":{"start":{"line":16,"column":12},"end":{"line":16,"column":33}},"4":{"start":{"line":21,"column":44},"end":{"line":21,"column":61}}},"fnMap":{"0":{"name":"(anonymous_0)","decl":{"start":{"line":9,"column":16},"end":{"line":9,"column":17}},"loc":{"start":{"line":9,"column":32},"end":{"line":11,"column":9}},"line":9},"1":{"name":"(anonymous_1)","decl":{"start":{"line":12,"column":19},"end":{"line":12,"column":20}},"loc":{"start":{"line":12,"column":28},"end":{"line":14,"column":9}},"line":12},"2":{"name":"(anonymous_2)","decl":{"start":{"line":15,"column":18},"end":{"line":15,"column":19}},"loc":{"start":{"line":15,"column":27},"end":{"line":17,"column":9}},"line":15}},"branchMap":{},"s":{"0":1,"1":0,"2":0,"3":0,"4":1},"f":{"0":0,"1":0,"2":0},"b":{},"_coverageSchema":"1a1c01bbd47fc00a2c39e90264f33305004495a9","hash":"ae17a58dfdc9e15ea1ad93f6ce0eb72f4a1c52c1"}
,"D:\\sagar\\rect-prac_4\\src\\utils\\useOnlinestatus.js": {"path":"D:\\sagar\\rect-prac_4\\src\\utils\\useOnlinestatus.js","statementMap":{"0":{"start":{"line":3,"column":24},"end":{"line":23,"column":1}},"1":{"start":{"line":5,"column":30},"end":{"line":5,"column":44}},"2":{"start":{"line":7,"column":4},"end":{"line":11,"column":9}},"3":{"start":{"line":9,"column":8},"end":{"line":9,"column":22}},"4":{"start":{"line":13,"column":23},"end":{"line":21,"column":5}},"5":{"start":{"line":14,"column":8},"end":{"line":16,"column":11}},"6":{"start":{"line":15,"column":12},"end":{"line":15,"column":27}},"7":{"start":{"line":18,"column":8},"end":{"line":20,"column":11}},"8":{"start":{"line":19,"column":12},"end":{"line":19,"column":28}},"9":{"start":{"line":22,"column":2},"end":{"line":22,"column":15}}},"fnMap":{"0":{"name":"(anonymous_0)","decl":{"start":{"line":3,"column":24},"end":{"line":3,"column":25}},"loc":{"start":{"line":3,"column":30},"end":{"line":23,"column":1}},"line":3},"1":{"name":"(anonymous_1)","decl":{"start":{"line":7,"column":14},"end":{"line":7,"column":15}},"loc":{"start":{"line":7,"column":18},"end":{"line":11,"column":5}},"line":7},"2":{"name":"(anonymous_2)","decl":{"start":{"line":13,"column":23},"end":{"line":13,"column":24}},"loc":{"start":{"line":13,"column":27},"end":{"line":21,"column":5}},"line":13},"3":{"name":"(anonymous_3)","decl":{"start":{"line":14,"column":42},"end":{"line":14,"column":43}},"loc":{"start":{"line":14,"column":46},"end":{"line":16,"column":9}},"line":14},"4":{"name":"(anonymous_4)","decl":{"start":{"line":18,"column":43},"end":{"line":18,"column":44}},"loc":{"start":{"line":18,"column":47},"end":{"line":20,"column":9}},"line":18}},"branchMap":{},"s":{"0":1,"1":3,"2":3,"3":2,"4":3,"5":2,"6":0,"7":2,"8":0,"9":3},"f":{"0":3,"1":2,"2":2,"3":0,"4":0},"b":{},"_coverageSchema":"1a1c01bbd47fc00a2c39e90264f33305004495a9","hash":"54794e62228d95bcc3e9693620456a13a3a8d960"}
,"D:\\sagar\\rect-prac_4\\src\\utils\\userContext.js": {"path":"D:\\sagar\\rect-prac_4\\src\\utils\\userContext.js","statementMap":{"0":{"start":{"line":3,"column":18},"end":{"line":5,"column":2}}},"fnMap":{},"branchMap":{},"s":{"0":1},"f":{},"b":{},"_coverageSchema":"1a1c01bbd47fc00a2c39e90264f33305004495a9","hash":"db82f96c34e8b79d4efdd55767e9925e61e9be24"}
}
